Analysis & Synthesis report for processor
Fri Apr 15 14:40:30 2016
Quartus II 64-Bit Version 13.0.1 Build 232 06/12/2013 Service Pack 1 SJ Web Edition


---------------------
; Table of Contents ;
---------------------
  1. Legal Notice
  2. Analysis & Synthesis Summary
  3. Analysis & Synthesis Settings
  4. Parallel Compilation
  5. Analysis & Synthesis Source Files Read
  6. Analysis & Synthesis Resource Usage Summary
  7. Analysis & Synthesis Resource Utilization by Entity
  8. Analysis & Synthesis RAM Summary
  9. Analysis & Synthesis IP Cores Summary
 10. User-Specified and Inferred Latches
 11. General Register Statistics
 12. Multiplexer Restructuring Statistics (Restructuring Performed)
 13. Source assignments for topLevel:placa|memoryROM:rom0|altsyncram:altsyncram_component|altsyncram_1m91:auto_generated
 14. Parameter Settings for User Entity Instance: topLevel:placa|memoryROM:rom0|altsyncram:altsyncram_component
 15. altsyncram Parameter Settings by Entity Instance
 16. Port Connectivity Checks: "topLevel:placa"
 17. Port Connectivity Checks: "display:d1"
 18. Port Connectivity Checks: "display:d0"
 19. Elapsed Time Per Partition
 20. Analysis & Synthesis Messages



----------------
; Legal Notice ;
----------------
Copyright (C) 1991-2013 Altera Corporation
Your use of Altera Corporation's design tools, logic functions 
and other software and tools, and its AMPP partner logic 
functions, and any output files from any of the foregoing 
(including device programming or simulation files), and any 
associated documentation or information are expressly subject 
to the terms and conditions of the Altera Program License 
Subscription Agreement, Altera MegaCore Function License 
Agreement, or other applicable license agreement, including, 
without limitation, that your use is for the sole purpose of 
programming logic devices manufactured by Altera and sold by 
Altera or its authorized distributors.  Please refer to the 
applicable agreement for further details.



+--------------------------------------------------------------------------------------+
; Analysis & Synthesis Summary                                                         ;
+------------------------------------+-------------------------------------------------+
; Analysis & Synthesis Status        ; Successful - Fri Apr 15 14:40:30 2016           ;
; Quartus II 64-Bit Version          ; 13.0.1 Build 232 06/12/2013 SP 1 SJ Web Edition ;
; Revision Name                      ; processor                                       ;
; Top-level Entity Name              ; board                                           ;
; Family                             ; Cyclone II                                      ;
; Total logic elements               ; 617                                             ;
;     Total combinational functions  ; 480                                             ;
;     Dedicated logic registers      ; 176                                             ;
; Total registers                    ; 176                                             ;
; Total pins                         ; 90                                              ;
; Total virtual pins                 ; 0                                               ;
; Total memory bits                  ; 512                                             ;
; Embedded Multiplier 9-bit elements ; 0                                               ;
; Total PLLs                         ; 0                                               ;
+------------------------------------+-------------------------------------------------+


+----------------------------------------------------------------------------------------------------------------------+
; Analysis & Synthesis Settings                                                                                        ;
+----------------------------------------------------------------------------+--------------------+--------------------+
; Option                                                                     ; Setting            ; Default Value      ;
+----------------------------------------------------------------------------+--------------------+--------------------+
; Device                                                                     ; EP2C35F672C6       ;                    ;
; Top-level entity name                                                      ; board              ; processor          ;
; Family name                                                                ; Cyclone II         ; Cyclone IV GX      ;
; Use smart compilation                                                      ; Off                ; Off                ;
; Enable parallel Assembler and TimeQuest Timing Analyzer during compilation ; On                 ; On                 ;
; Enable compact report table                                                ; Off                ; Off                ;
; Restructure Multiplexers                                                   ; Auto               ; Auto               ;
; Create Debugging Nodes for IP Cores                                        ; Off                ; Off                ;
; Preserve fewer node names                                                  ; On                 ; On                 ;
; Disable OpenCore Plus hardware evaluation                                  ; Off                ; Off                ;
; Verilog Version                                                            ; Verilog_2001       ; Verilog_2001       ;
; VHDL Version                                                               ; VHDL_1993          ; VHDL_1993          ;
; State Machine Processing                                                   ; Auto               ; Auto               ;
; Safe State Machine                                                         ; Off                ; Off                ;
; Extract Verilog State Machines                                             ; On                 ; On                 ;
; Extract VHDL State Machines                                                ; On                 ; On                 ;
; Ignore Verilog initial constructs                                          ; Off                ; Off                ;
; Iteration limit for constant Verilog loops                                 ; 5000               ; 5000               ;
; Iteration limit for non-constant Verilog loops                             ; 250                ; 250                ;
; Add Pass-Through Logic to Inferred RAMs                                    ; On                 ; On                 ;
; Infer RAMs from Raw Logic                                                  ; On                 ; On                 ;
; Parallel Synthesis                                                         ; On                 ; On                 ;
; DSP Block Balancing                                                        ; Auto               ; Auto               ;
; NOT Gate Push-Back                                                         ; On                 ; On                 ;
; Power-Up Don't Care                                                        ; On                 ; On                 ;
; Remove Redundant Logic Cells                                               ; Off                ; Off                ;
; Remove Duplicate Registers                                                 ; On                 ; On                 ;
; Ignore CARRY Buffers                                                       ; Off                ; Off                ;
; Ignore CASCADE Buffers                                                     ; Off                ; Off                ;
; Ignore GLOBAL Buffers                                                      ; Off                ; Off                ;
; Ignore ROW GLOBAL Buffers                                                  ; Off                ; Off                ;
; Ignore LCELL Buffers                                                       ; Off                ; Off                ;
; Ignore SOFT Buffers                                                        ; On                 ; On                 ;
; Limit AHDL Integers to 32 Bits                                             ; Off                ; Off                ;
; Optimization Technique                                                     ; Balanced           ; Balanced           ;
; Carry Chain Length                                                         ; 70                 ; 70                 ;
; Auto Carry Chains                                                          ; On                 ; On                 ;
; Auto Open-Drain Pins                                                       ; On                 ; On                 ;
; Perform WYSIWYG Primitive Resynthesis                                      ; Off                ; Off                ;
; Auto ROM Replacement                                                       ; On                 ; On                 ;
; Auto RAM Replacement                                                       ; On                 ; On                 ;
; Auto Shift Register Replacement                                            ; Auto               ; Auto               ;
; Allow Shift Register Merging across Hierarchies                            ; Auto               ; Auto               ;
; Auto Clock Enable Replacement                                              ; On                 ; On                 ;
; Strict RAM Replacement                                                     ; Off                ; Off                ;
; Allow Synchronous Control Signals                                          ; On                 ; On                 ;
; Force Use of Synchronous Clear Signals                                     ; Off                ; Off                ;
; Auto RAM to Logic Cell Conversion                                          ; Off                ; Off                ;
; Auto Resource Sharing                                                      ; Off                ; Off                ;
; Allow Any RAM Size For Recognition                                         ; Off                ; Off                ;
; Allow Any ROM Size For Recognition                                         ; Off                ; Off                ;
; Allow Any Shift Register Size For Recognition                              ; Off                ; Off                ;
; Use LogicLock Constraints during Resource Balancing                        ; On                 ; On                 ;
; Ignore translate_off and synthesis_off directives                          ; Off                ; Off                ;
; Timing-Driven Synthesis                                                    ; Off                ; Off                ;
; Report Parameter Settings                                                  ; On                 ; On                 ;
; Report Source Assignments                                                  ; On                 ; On                 ;
; Report Connectivity Checks                                                 ; On                 ; On                 ;
; Ignore Maximum Fan-Out Assignments                                         ; Off                ; Off                ;
; Synchronization Register Chain Length                                      ; 2                  ; 2                  ;
; PowerPlay Power Optimization                                               ; Normal compilation ; Normal compilation ;
; HDL message level                                                          ; Level2             ; Level2             ;
; Suppress Register Optimization Related Messages                            ; Off                ; Off                ;
; Number of Removed Registers Reported in Synthesis Report                   ; 5000               ; 5000               ;
; Number of Swept Nodes Reported in Synthesis Report                         ; 5000               ; 5000               ;
; Number of Inverted Registers Reported in Synthesis Report                  ; 100                ; 100                ;
; Clock MUX Protection                                                       ; On                 ; On                 ;
; Auto Gated Clock Conversion                                                ; Off                ; Off                ;
; Block Design Naming                                                        ; Auto               ; Auto               ;
; SDC constraint protection                                                  ; Off                ; Off                ;
; Synthesis Effort                                                           ; Auto               ; Auto               ;
; Shift Register Replacement - Allow Asynchronous Clear Signal               ; On                 ; On                 ;
; Pre-Mapping Resynthesis Optimization                                       ; Off                ; Off                ;
; Analysis & Synthesis Message Level                                         ; Medium             ; Medium             ;
; Disable Register Merging Across Hierarchies                                ; Auto               ; Auto               ;
; Resource Aware Inference For Block RAM                                     ; On                 ; On                 ;
; Synthesis Seed                                                             ; 1                  ; 1                  ;
+----------------------------------------------------------------------------+--------------------+--------------------+


Parallel compilation was disabled, but you have multiple processors available. Enable parallel compilation to reduce compilation time.
+-------------------------------------+
; Parallel Compilation                ;
+----------------------------+--------+
; Processors                 ; Number ;
+----------------------------+--------+
; Number detected on machine ; 4      ;
; Maximum allowed            ; 1      ;
+----------------------------+--------+


+---------------------------------------------------------------------------------------------------------------------------------------------------------------------------+
; Analysis & Synthesis Source Files Read                                                                                                                                    ;
+----------------------------------+-----------------+----------------------------------+-------------------------------------------------------------------------+---------+
; File Name with User-Entered Path ; Used in Netlist ; File Type                        ; File Name with Absolute Path                                            ; Library ;
+----------------------------------+-----------------+----------------------------------+-------------------------------------------------------------------------+---------+
; upCount.v                        ; yes             ; User Verilog HDL File            ; C:/Users/Aluno/Desktop/Def/upCount.v                                    ;         ;
; ula.v                            ; yes             ; User Verilog HDL File            ; C:/Users/Aluno/Desktop/Def/ula.v                                        ;         ;
; topLevel.v                       ; yes             ; User Verilog HDL File            ; C:/Users/Aluno/Desktop/Def/topLevel.v                                   ;         ;
; reg16bits.v                      ; yes             ; User Verilog HDL File            ; C:/Users/Aluno/Desktop/Def/reg16bits.v                                  ;         ;
; reg9bits.v                       ; yes             ; User Verilog HDL File            ; C:/Users/Aluno/Desktop/Def/reg9bits.v                                   ;         ;
; processor.v                      ; yes             ; User Verilog HDL File            ; C:/Users/Aluno/Desktop/Def/processor.v                                  ;         ;
; mux10x1.v                        ; yes             ; User Verilog HDL File            ; C:/Users/Aluno/Desktop/Def/mux10x1.v                                    ;         ;
; display.v                        ; yes             ; User Verilog HDL File            ; C:/Users/Aluno/Desktop/Def/display.v                                    ;         ;
; dec3x8.v                         ; yes             ; User Verilog HDL File            ; C:/Users/Aluno/Desktop/Def/dec3x8.v                                     ;         ;
; counter.v                        ; yes             ; User Verilog HDL File            ; C:/Users/Aluno/Desktop/Def/counter.v                                    ;         ;
; board.v                          ; yes             ; User Verilog HDL File            ; C:/Users/Aluno/Desktop/Def/board.v                                      ;         ;
; romMIF.mif                       ; yes             ; User Memory Initialization File  ; C:/Users/Aluno/Desktop/Def/romMIF.mif                                   ;         ;
; memoryROM.v                      ; yes             ; User Wizard-Generated File       ; C:/Users/Aluno/Desktop/Def/memoryROM.v                                  ;         ;
; altsyncram.tdf                   ; yes             ; Megafunction                     ; c:/altera/13.0sp1/quartus/libraries/megafunctions/altsyncram.tdf        ;         ;
; stratix_ram_block.inc            ; yes             ; Megafunction                     ; c:/altera/13.0sp1/quartus/libraries/megafunctions/stratix_ram_block.inc ;         ;
; lpm_mux.inc                      ; yes             ; Megafunction                     ; c:/altera/13.0sp1/quartus/libraries/megafunctions/lpm_mux.inc           ;         ;
; lpm_decode.inc                   ; yes             ; Megafunction                     ; c:/altera/13.0sp1/quartus/libraries/megafunctions/lpm_decode.inc        ;         ;
; aglobal130.inc                   ; yes             ; Megafunction                     ; c:/altera/13.0sp1/quartus/libraries/megafunctions/aglobal130.inc        ;         ;
; a_rdenreg.inc                    ; yes             ; Megafunction                     ; c:/altera/13.0sp1/quartus/libraries/megafunctions/a_rdenreg.inc         ;         ;
; altrom.inc                       ; yes             ; Megafunction                     ; c:/altera/13.0sp1/quartus/libraries/megafunctions/altrom.inc            ;         ;
; altram.inc                       ; yes             ; Megafunction                     ; c:/altera/13.0sp1/quartus/libraries/megafunctions/altram.inc            ;         ;
; altdpram.inc                     ; yes             ; Megafunction                     ; c:/altera/13.0sp1/quartus/libraries/megafunctions/altdpram.inc          ;         ;
; db/altsyncram_1m91.tdf           ; yes             ; Auto-Generated Megafunction      ; C:/Users/Aluno/Desktop/Def/db/altsyncram_1m91.tdf                       ;         ;
+----------------------------------+-----------------+----------------------------------+-------------------------------------------------------------------------+---------+


+------------------------------------------------------+
; Analysis & Synthesis Resource Usage Summary          ;
+---------------------------------------------+--------+
; Resource                                    ; Usage  ;
+---------------------------------------------+--------+
; Estimated Total logic elements              ; 617    ;
;                                             ;        ;
; Total combinational functions               ; 480    ;
; Logic element usage by number of LUT inputs ;        ;
;     -- 4 input functions                    ; 300    ;
;     -- 3 input functions                    ; 143    ;
;     -- <=2 input functions                  ; 37     ;
;                                             ;        ;
; Logic elements by mode                      ;        ;
;     -- normal mode                          ; 460    ;
;     -- arithmetic mode                      ; 20     ;
;                                             ;        ;
; Total registers                             ; 176    ;
;     -- Dedicated logic registers            ; 176    ;
;     -- I/O registers                        ; 0      ;
;                                             ;        ;
; I/O pins                                    ; 90     ;
; Total memory bits                           ; 512    ;
; Embedded Multiplier 9-bit elements          ; 0      ;
; Maximum fan-out node                        ; KEY[2] ;
; Maximum fan-out                             ; 171    ;
; Total fan-out                               ; 2373   ;
; Average fan-out                             ; 3.11   ;
+---------------------------------------------+--------+


+-------------------------------------------------------------------------------------------------------------------------------------------------------------------------------------------------------------------------------------------------------------------------------+
; Analysis & Synthesis Resource Utilization by Entity                                                                                                                                                                                                                           ;
+----------------------------------------------+-------------------+--------------+-------------+--------------+---------+-----------+------+--------------+-----------------------------------------------------------------------------------------------------+--------------+
; Compilation Hierarchy Node                   ; LC Combinationals ; LC Registers ; Memory Bits ; DSP Elements ; DSP 9x9 ; DSP 18x18 ; Pins ; Virtual Pins ; Full Hierarchy Name                                                                                 ; Library Name ;
+----------------------------------------------+-------------------+--------------+-------------+--------------+---------+-----------+------+--------------+-----------------------------------------------------------------------------------------------------+--------------+
; |board                                       ; 480 (0)           ; 176 (0)      ; 512         ; 0            ; 0       ; 0         ; 90   ; 0            ; |board                                                                                              ; work         ;
;    |display:d0|                              ; 7 (7)             ; 0 (0)        ; 0           ; 0            ; 0       ; 0         ; 0    ; 0            ; |board|display:d0                                                                                   ; work         ;
;    |display:d1|                              ; 7 (7)             ; 0 (0)        ; 0           ; 0            ; 0       ; 0         ; 0    ; 0            ; |board|display:d1                                                                                   ; work         ;
;    |display:d2|                              ; 7 (7)             ; 0 (0)        ; 0           ; 0            ; 0       ; 0         ; 0    ; 0            ; |board|display:d2                                                                                   ; work         ;
;    |display:d3|                              ; 7 (7)             ; 0 (0)        ; 0           ; 0            ; 0       ; 0         ; 0    ; 0            ; |board|display:d3                                                                                   ; work         ;
;    |display:d4|                              ; 7 (7)             ; 0 (0)        ; 0           ; 0            ; 0       ; 0         ; 0    ; 0            ; |board|display:d4                                                                                   ; work         ;
;    |display:d5|                              ; 7 (7)             ; 0 (0)        ; 0           ; 0            ; 0       ; 0         ; 0    ; 0            ; |board|display:d5                                                                                   ; work         ;
;    |topLevel:placa|                          ; 438 (0)           ; 176 (0)      ; 512         ; 0            ; 0       ; 0         ; 0    ; 0            ; |board|topLevel:placa                                                                               ; work         ;
;       |counter:contador|                     ; 5 (5)             ; 5 (5)        ; 0           ; 0            ; 0       ; 0         ; 0    ; 0            ; |board|topLevel:placa|counter:contador                                                              ; work         ;
;       |memoryROM:rom0|                       ; 0 (0)             ; 0 (0)        ; 512         ; 0            ; 0       ; 0         ; 0    ; 0            ; |board|topLevel:placa|memoryROM:rom0                                                                ; work         ;
;          |altsyncram:altsyncram_component|   ; 0 (0)             ; 0 (0)        ; 512         ; 0            ; 0       ; 0         ; 0    ; 0            ; |board|topLevel:placa|memoryROM:rom0|altsyncram:altsyncram_component                                ; work         ;
;             |altsyncram_1m91:auto_generated| ; 0 (0)             ; 0 (0)        ; 512         ; 0            ; 0       ; 0         ; 0    ; 0            ; |board|topLevel:placa|memoryROM:rom0|altsyncram:altsyncram_component|altsyncram_1m91:auto_generated ; work         ;
;       |processor:proc|                       ; 433 (43)          ; 171 (0)      ; 0           ; 0            ; 0       ; 0         ; 0    ; 0            ; |board|topLevel:placa|processor:proc                                                                ; work         ;
;          |mux10x1:mux|                       ; 151 (151)         ; 0 (0)        ; 0           ; 0            ; 0       ; 0         ; 0    ; 0            ; |board|topLevel:placa|processor:proc|mux10x1:mux                                                    ; work         ;
;          |reg16bits:reg0|                    ; 0 (0)             ; 16 (16)      ; 0           ; 0            ; 0       ; 0         ; 0    ; 0            ; |board|topLevel:placa|processor:proc|reg16bits:reg0                                                 ; work         ;
;          |reg16bits:reg1|                    ; 0 (0)             ; 16 (16)      ; 0           ; 0            ; 0       ; 0         ; 0    ; 0            ; |board|topLevel:placa|processor:proc|reg16bits:reg1                                                 ; work         ;
;          |reg16bits:reg2|                    ; 0 (0)             ; 16 (16)      ; 0           ; 0            ; 0       ; 0         ; 0    ; 0            ; |board|topLevel:placa|processor:proc|reg16bits:reg2                                                 ; work         ;
;          |reg16bits:reg3|                    ; 0 (0)             ; 16 (16)      ; 0           ; 0            ; 0       ; 0         ; 0    ; 0            ; |board|topLevel:placa|processor:proc|reg16bits:reg3                                                 ; work         ;
;          |reg16bits:reg4|                    ; 0 (0)             ; 16 (16)      ; 0           ; 0            ; 0       ; 0         ; 0    ; 0            ; |board|topLevel:placa|processor:proc|reg16bits:reg4                                                 ; work         ;
;          |reg16bits:reg5|                    ; 0 (0)             ; 16 (16)      ; 0           ; 0            ; 0       ; 0         ; 0    ; 0            ; |board|topLevel:placa|processor:proc|reg16bits:reg5                                                 ; work         ;
;          |reg16bits:reg6|                    ; 0 (0)             ; 16 (16)      ; 0           ; 0            ; 0       ; 0         ; 0    ; 0            ; |board|topLevel:placa|processor:proc|reg16bits:reg6                                                 ; work         ;
;          |reg16bits:reg7|                    ; 0 (0)             ; 16 (16)      ; 0           ; 0            ; 0       ; 0         ; 0    ; 0            ; |board|topLevel:placa|processor:proc|reg16bits:reg7                                                 ; work         ;
;          |reg16bits:regA|                    ; 0 (0)             ; 16 (16)      ; 0           ; 0            ; 0       ; 0         ; 0    ; 0            ; |board|topLevel:placa|processor:proc|reg16bits:regA                                                 ; work         ;
;          |reg16bits:regG|                    ; 0 (0)             ; 16 (16)      ; 0           ; 0            ; 0       ; 0         ; 0    ; 0            ; |board|topLevel:placa|processor:proc|reg16bits:regG                                                 ; work         ;
;          |reg9bits:regIR|                    ; 0 (0)             ; 9 (9)        ; 0           ; 0            ; 0       ; 0         ; 0    ; 0            ; |board|topLevel:placa|processor:proc|reg9bits:regIR                                                 ; work         ;
;          |ula:ula0|                          ; 236 (236)         ; 0 (0)        ; 0           ; 0            ; 0       ; 0         ; 0    ; 0            ; |board|topLevel:placa|processor:proc|ula:ula0                                                       ; work         ;
;          |upCount:contador|                  ; 3 (3)             ; 2 (2)        ; 0           ; 0            ; 0       ; 0         ; 0    ; 0            ; |board|topLevel:placa|processor:proc|upCount:contador                                               ; work         ;
+----------------------------------------------+-------------------+--------------+-------------+--------------+---------+-----------+------+--------------+-----------------------------------------------------------------------------------------------------+--------------+
Note: For table entries with two numbers listed, the numbers in parentheses indicate the number of resources of the given type used by the specific entity alone. The numbers listed outside of parentheses indicate the total resources of the given type used by the specific entity and all of its sub-entities in the hierarchy.


+-------------------------------------------------------------------------------------------------------------------------------------------------------------------------------------------------------+
; Analysis & Synthesis RAM Summary                                                                                                                                                                      ;
+---------------------------------------------------------------------------------------------------------+------+------+--------------+--------------+--------------+--------------+------+------------+
; Name                                                                                                    ; Type ; Mode ; Port A Depth ; Port A Width ; Port B Depth ; Port B Width ; Size ; MIF        ;
+---------------------------------------------------------------------------------------------------------+------+------+--------------+--------------+--------------+--------------+------+------------+
; topLevel:placa|memoryROM:rom0|altsyncram:altsyncram_component|altsyncram_1m91:auto_generated|ALTSYNCRAM ; M4K  ; ROM  ; 32           ; 16           ; --           ; --           ; 512  ; romMIF.mif ;
+---------------------------------------------------------------------------------------------------------+------+------+--------------+--------------+--------------+--------------+------+------------+


+-----------------------------------------------------------------------------------------------------------------------------------------------+
; Analysis & Synthesis IP Cores Summary                                                                                                         ;
+--------+--------------+---------+--------------+--------------+--------------------------------------+----------------------------------------+
; Vendor ; IP Core Name ; Version ; Release Date ; License Type ; Entity Instance                      ; IP Include File                        ;
+--------+--------------+---------+--------------+--------------+--------------------------------------+----------------------------------------+
; Altera ; ROM: 1-PORT  ; 13.0    ; N/A          ; N/A          ; |board|topLevel:placa|memoryROM:rom0 ; C:/Users/Aluno/Desktop/Def/memoryROM.v ;
+--------+--------------+---------+--------------+--------------+--------------------------------------+----------------------------------------+


+-----------------------------------------------------------------------------------------------------------------------------------+
; User-Specified and Inferred Latches                                                                                               ;
+-----------------------------------------------------+----------------------------------------------------+------------------------+
; Latch Name                                          ; Latch Enable Signal                                ; Free of Timing Hazards ;
+-----------------------------------------------------+----------------------------------------------------+------------------------+
; topLevel:placa|processor:proc|mux10x1:mux|out[12]   ; topLevel:placa|processor:proc|mux10x1:mux|WideNor0 ; yes                    ;
; topLevel:placa|processor:proc|mux10x1:mux|out[13]   ; topLevel:placa|processor:proc|mux10x1:mux|WideNor0 ; yes                    ;
; topLevel:placa|processor:proc|mux10x1:mux|out[14]   ; topLevel:placa|processor:proc|mux10x1:mux|WideNor0 ; yes                    ;
; topLevel:placa|processor:proc|mux10x1:mux|out[15]   ; topLevel:placa|processor:proc|mux10x1:mux|WideNor0 ; yes                    ;
; topLevel:placa|processor:proc|mux10x1:mux|out[8]    ; topLevel:placa|processor:proc|mux10x1:mux|WideNor0 ; yes                    ;
; topLevel:placa|processor:proc|mux10x1:mux|out[9]    ; topLevel:placa|processor:proc|mux10x1:mux|WideNor0 ; yes                    ;
; topLevel:placa|processor:proc|mux10x1:mux|out[10]   ; topLevel:placa|processor:proc|mux10x1:mux|WideNor0 ; yes                    ;
; topLevel:placa|processor:proc|mux10x1:mux|out[11]   ; topLevel:placa|processor:proc|mux10x1:mux|WideNor0 ; yes                    ;
; topLevel:placa|processor:proc|mux10x1:mux|out[4]    ; topLevel:placa|processor:proc|mux10x1:mux|WideNor0 ; yes                    ;
; topLevel:placa|processor:proc|mux10x1:mux|out[5]    ; topLevel:placa|processor:proc|mux10x1:mux|WideNor0 ; yes                    ;
; topLevel:placa|processor:proc|mux10x1:mux|out[6]    ; topLevel:placa|processor:proc|mux10x1:mux|WideNor0 ; yes                    ;
; topLevel:placa|processor:proc|mux10x1:mux|out[7]    ; topLevel:placa|processor:proc|mux10x1:mux|WideNor0 ; yes                    ;
; topLevel:placa|processor:proc|mux10x1:mux|out[0]    ; topLevel:placa|processor:proc|mux10x1:mux|WideNor0 ; yes                    ;
; topLevel:placa|processor:proc|mux10x1:mux|out[1]    ; topLevel:placa|processor:proc|mux10x1:mux|WideNor0 ; yes                    ;
; topLevel:placa|processor:proc|mux10x1:mux|out[2]    ; topLevel:placa|processor:proc|mux10x1:mux|WideNor0 ; yes                    ;
; topLevel:placa|processor:proc|mux10x1:mux|out[3]    ; topLevel:placa|processor:proc|mux10x1:mux|WideNor0 ; yes                    ;
; topLevel:placa|processor:proc|ula:ula0|out[12]      ; topLevel:placa|processor:proc|ula:ula0|Mux16       ; yes                    ;
; topLevel:placa|processor:proc|ula:ula0|out[13]      ; topLevel:placa|processor:proc|ula:ula0|Mux16       ; yes                    ;
; topLevel:placa|processor:proc|ula:ula0|out[14]      ; topLevel:placa|processor:proc|ula:ula0|Mux16       ; yes                    ;
; topLevel:placa|processor:proc|ula:ula0|out[15]      ; topLevel:placa|processor:proc|ula:ula0|Mux16       ; yes                    ;
; topLevel:placa|processor:proc|ula:ula0|out[8]       ; topLevel:placa|processor:proc|ula:ula0|Mux16       ; yes                    ;
; topLevel:placa|processor:proc|ula:ula0|out[9]       ; topLevel:placa|processor:proc|ula:ula0|Mux16       ; yes                    ;
; topLevel:placa|processor:proc|ula:ula0|out[10]      ; topLevel:placa|processor:proc|ula:ula0|Mux16       ; yes                    ;
; topLevel:placa|processor:proc|ula:ula0|out[11]      ; topLevel:placa|processor:proc|ula:ula0|Mux16       ; yes                    ;
; topLevel:placa|processor:proc|ula:ula0|out[4]       ; topLevel:placa|processor:proc|ula:ula0|Mux16       ; yes                    ;
; topLevel:placa|processor:proc|ula:ula0|out[5]       ; topLevel:placa|processor:proc|ula:ula0|Mux16       ; yes                    ;
; topLevel:placa|processor:proc|ula:ula0|out[6]       ; topLevel:placa|processor:proc|ula:ula0|Mux16       ; yes                    ;
; topLevel:placa|processor:proc|ula:ula0|out[7]       ; topLevel:placa|processor:proc|ula:ula0|Mux16       ; yes                    ;
; topLevel:placa|processor:proc|ula:ula0|out[0]       ; topLevel:placa|processor:proc|ula:ula0|Mux16       ; yes                    ;
; topLevel:placa|processor:proc|ula:ula0|out[1]       ; topLevel:placa|processor:proc|ula:ula0|Mux16       ; yes                    ;
; topLevel:placa|processor:proc|ula:ula0|out[2]       ; topLevel:placa|processor:proc|ula:ula0|Mux16       ; yes                    ;
; topLevel:placa|processor:proc|ula:ula0|out[3]       ; topLevel:placa|processor:proc|ula:ula0|Mux16       ; yes                    ;
; Number of user-specified and inferred latches = 32  ;                                                    ;                        ;
+-----------------------------------------------------+----------------------------------------------------+------------------------+
Note: All latches listed above may not be present at the end of synthesis due to various synthesis optimizations.


+------------------------------------------------------+
; General Register Statistics                          ;
+----------------------------------------------+-------+
; Statistic                                    ; Value ;
+----------------------------------------------+-------+
; Total registers                              ; 176   ;
; Number of registers using Synchronous Clear  ; 5     ;
; Number of registers using Synchronous Load   ; 0     ;
; Number of registers using Asynchronous Clear ; 0     ;
; Number of registers using Asynchronous Load  ; 0     ;
; Number of registers using Clock Enable       ; 169   ;
; Number of registers using Preset             ; 0     ;
+----------------------------------------------+-------+


+--------------------------------------------------------------------------------------------------------------------------------------------------------------------------+
; Multiplexer Restructuring Statistics (Restructuring Performed)                                                                                                           ;
+--------------------+-----------+---------------+----------------------+------------------------+------------+------------------------------------------------------------+
; Multiplexer Inputs ; Bus Width ; Baseline Area ; Area if Restructured ; Saving if Restructured ; Registered ; Example Multiplexer Output                                 ;
+--------------------+-----------+---------------+----------------------+------------------------+------------+------------------------------------------------------------+
; 6:1                ; 8 bits    ; 32 LEs        ; 8 LEs                ; 24 LEs                 ; No         ; |board|topLevel:placa|processor:proc|Mux9                  ;
; 12:1               ; 8 bits    ; 64 LEs        ; 16 LEs               ; 48 LEs                 ; No         ; |board|topLevel:placa|processor:proc|Mux22                 ;
; 11:1               ; 4 bits    ; 28 LEs        ; 20 LEs               ; 8 LEs                  ; No         ; |board|topLevel:placa|processor:proc|ula:ula0|Mux4         ;
; 11:1               ; 4 bits    ; 28 LEs        ; 20 LEs               ; 8 LEs                  ; No         ; |board|topLevel:placa|processor:proc|ula:ula0|Mux8         ;
; 12:1               ; 2 bits    ; 16 LEs        ; 12 LEs               ; 4 LEs                  ; No         ; |board|topLevel:placa|processor:proc|ula:ula0|Mux3         ;
; 12:1               ; 2 bits    ; 16 LEs        ; 12 LEs               ; 4 LEs                  ; No         ; |board|topLevel:placa|processor:proc|ula:ula0|Mux13        ;
; 13:1               ; 2 bits    ; 16 LEs        ; 12 LEs               ; 4 LEs                  ; No         ; |board|topLevel:placa|processor:proc|ula:ula0|Mux15        ;
; 10:1               ; 16 bits   ; 96 LEs        ; 112 LEs              ; -16 LEs                ; No         ; |board|topLevel:placa|processor:proc|mux10x1:mux|Selector9 ;
+--------------------+-----------+---------------+----------------------+------------------------+------------+------------------------------------------------------------+


+---------------------------------------------------------------------------------------------------------------------+
; Source assignments for topLevel:placa|memoryROM:rom0|altsyncram:altsyncram_component|altsyncram_1m91:auto_generated ;
+---------------------------------+--------------------+------+-------------------------------------------------------+
; Assignment                      ; Value              ; From ; To                                                    ;
+---------------------------------+--------------------+------+-------------------------------------------------------+
; OPTIMIZE_POWER_DURING_SYNTHESIS ; NORMAL_COMPILATION ; -    ; -                                                     ;
+---------------------------------+--------------------+------+-------------------------------------------------------+


+------------------------------------------------------------------------------------------------------------+
; Parameter Settings for User Entity Instance: topLevel:placa|memoryROM:rom0|altsyncram:altsyncram_component ;
+------------------------------------+----------------------+------------------------------------------------+
; Parameter Name                     ; Value                ; Type                                           ;
+------------------------------------+----------------------+------------------------------------------------+
; BYTE_SIZE_BLOCK                    ; 8                    ; Untyped                                        ;
; AUTO_CARRY_CHAINS                  ; ON                   ; AUTO_CARRY                                     ;
; IGNORE_CARRY_BUFFERS               ; OFF                  ; IGNORE_CARRY                                   ;
; AUTO_CASCADE_CHAINS                ; ON                   ; AUTO_CASCADE                                   ;
; IGNORE_CASCADE_BUFFERS             ; OFF                  ; IGNORE_CASCADE                                 ;
; WIDTH_BYTEENA                      ; 1                    ; Untyped                                        ;
; OPERATION_MODE                     ; ROM                  ; Untyped                                        ;
; WIDTH_A                            ; 16                   ; Signed Integer                                 ;
; WIDTHAD_A                          ; 5                    ; Signed Integer                                 ;
; NUMWORDS_A                         ; 32                   ; Signed Integer                                 ;
; OUTDATA_REG_A                      ; UNREGISTERED         ; Untyped                                        ;
; ADDRESS_ACLR_A                     ; NONE                 ; Untyped                                        ;
; OUTDATA_ACLR_A                     ; NONE                 ; Untyped                                        ;
; WRCONTROL_ACLR_A                   ; NONE                 ; Untyped                                        ;
; INDATA_ACLR_A                      ; NONE                 ; Untyped                                        ;
; BYTEENA_ACLR_A                     ; NONE                 ; Untyped                                        ;
; WIDTH_B                            ; 1                    ; Untyped                                        ;
; WIDTHAD_B                          ; 1                    ; Untyped                                        ;
; NUMWORDS_B                         ; 1                    ; Untyped                                        ;
; INDATA_REG_B                       ; CLOCK1               ; Untyped                                        ;
; WRCONTROL_WRADDRESS_REG_B          ; CLOCK1               ; Untyped                                        ;
; RDCONTROL_REG_B                    ; CLOCK1               ; Untyped                                        ;
; ADDRESS_REG_B                      ; CLOCK1               ; Untyped                                        ;
; OUTDATA_REG_B                      ; UNREGISTERED         ; Untyped                                        ;
; BYTEENA_REG_B                      ; CLOCK1               ; Untyped                                        ;
; INDATA_ACLR_B                      ; NONE                 ; Untyped                                        ;
; WRCONTROL_ACLR_B                   ; NONE                 ; Untyped                                        ;
; ADDRESS_ACLR_B                     ; NONE                 ; Untyped                                        ;
; OUTDATA_ACLR_B                     ; NONE                 ; Untyped                                        ;
; RDCONTROL_ACLR_B                   ; NONE                 ; Untyped                                        ;
; BYTEENA_ACLR_B                     ; NONE                 ; Untyped                                        ;
; WIDTH_BYTEENA_A                    ; 1                    ; Signed Integer                                 ;
; WIDTH_BYTEENA_B                    ; 1                    ; Untyped                                        ;
; RAM_BLOCK_TYPE                     ; M4K                  ; Untyped                                        ;
; BYTE_SIZE                          ; 8                    ; Untyped                                        ;
; READ_DURING_WRITE_MODE_MIXED_PORTS ; DONT_CARE            ; Untyped                                        ;
; READ_DURING_WRITE_MODE_PORT_A      ; NEW_DATA_NO_NBE_READ ; Untyped                                        ;
; READ_DURING_WRITE_MODE_PORT_B      ; NEW_DATA_NO_NBE_READ ; Untyped                                        ;
; INIT_FILE                          ; romMIF.mif           ; Untyped                                        ;
; INIT_FILE_LAYOUT                   ; PORT_A               ; Untyped                                        ;
; MAXIMUM_DEPTH                      ; 0                    ; Untyped                                        ;
; CLOCK_ENABLE_INPUT_A               ; BYPASS               ; Untyped                                        ;
; CLOCK_ENABLE_INPUT_B               ; NORMAL               ; Untyped                                        ;
; CLOCK_ENABLE_OUTPUT_A              ; BYPASS               ; Untyped                                        ;
; CLOCK_ENABLE_OUTPUT_B              ; NORMAL               ; Untyped                                        ;
; CLOCK_ENABLE_CORE_A                ; USE_INPUT_CLKEN      ; Untyped                                        ;
; CLOCK_ENABLE_CORE_B                ; USE_INPUT_CLKEN      ; Untyped                                        ;
; ENABLE_ECC                         ; FALSE                ; Untyped                                        ;
; ECC_PIPELINE_STAGE_ENABLED         ; FALSE                ; Untyped                                        ;
; WIDTH_ECCSTATUS                    ; 3                    ; Untyped                                        ;
; DEVICE_FAMILY                      ; Cyclone II           ; Untyped                                        ;
; CBXI_PARAMETER                     ; altsyncram_1m91      ; Untyped                                        ;
+------------------------------------+----------------------+------------------------------------------------+
Note: In order to hide this table in the UI and the text report file, please set the "Show Parameter Settings in Synthesis Report" option in "Analysis and Synthesis Settings -> More Settings" to "Off".


+-----------------------------------------------------------------------------------------------------------+
; altsyncram Parameter Settings by Entity Instance                                                          ;
+-------------------------------------------+---------------------------------------------------------------+
; Name                                      ; Value                                                         ;
+-------------------------------------------+---------------------------------------------------------------+
; Number of entity instances                ; 1                                                             ;
; Entity Instance                           ; topLevel:placa|memoryROM:rom0|altsyncram:altsyncram_component ;
;     -- OPERATION_MODE                     ; ROM                                                           ;
;     -- WIDTH_A                            ; 16                                                            ;
;     -- NUMWORDS_A                         ; 32                                                            ;
;     -- OUTDATA_REG_A                      ; UNREGISTERED                                                  ;
;     -- WIDTH_B                            ; 1                                                             ;
;     -- NUMWORDS_B                         ; 1                                                             ;
;     -- ADDRESS_REG_B                      ; CLOCK1                                                        ;
;     -- OUTDATA_REG_B                      ; UNREGISTERED                                                  ;
;     -- RAM_BLOCK_TYPE                     ; M4K                                                           ;
;     -- READ_DURING_WRITE_MODE_MIXED_PORTS ; DONT_CARE                                                     ;
+-------------------------------------------+---------------------------------------------------------------+


+----------------------------------------------------------------------------------------------------------------------+
; Port Connectivity Checks: "topLevel:placa"                                                                           ;
+------------+--------+----------+-------------------------------------------------------------------------------------+
; Port       ; Type   ; Severity ; Details                                                                             ;
+------------+--------+----------+-------------------------------------------------------------------------------------+
; data[6..0] ; Output ; Info     ; Connected to dangling logic. Logic that only feeds a dangling port will be removed. ;
+------------+--------+----------+-------------------------------------------------------------------------------------+


+----------------------------------------------------------------------------------------------------------------------------------------------------------------------+
; Port Connectivity Checks: "display:d1"                                                                                                                               ;
+------+-------+----------+--------------------------------------------------------------------------------------------------------------------------------------------+
; Port ; Type  ; Severity ; Details                                                                                                                                    ;
+------+-------+----------+--------------------------------------------------------------------------------------------------------------------------------------------+
; in   ; Input ; Warning  ; Input port expression (3 bits) is smaller than the input port (4 bits) it drives.  Extra input bit(s) "in[3..3]" will be connected to GND. ;
+------+-------+----------+--------------------------------------------------------------------------------------------------------------------------------------------+


+----------------------------------------------------------------------------------------------------------------------------------------------------------------------+
; Port Connectivity Checks: "display:d0"                                                                                                                               ;
+------+-------+----------+--------------------------------------------------------------------------------------------------------------------------------------------+
; Port ; Type  ; Severity ; Details                                                                                                                                    ;
+------+-------+----------+--------------------------------------------------------------------------------------------------------------------------------------------+
; in   ; Input ; Warning  ; Input port expression (3 bits) is smaller than the input port (4 bits) it drives.  Extra input bit(s) "in[3..3]" will be connected to GND. ;
+------+-------+----------+--------------------------------------------------------------------------------------------------------------------------------------------+


+-------------------------------+
; Elapsed Time Per Partition    ;
+----------------+--------------+
; Partition Name ; Elapsed Time ;
+----------------+--------------+
; Top            ; 00:00:01     ;
+----------------+--------------+


+-------------------------------+
; Analysis & Synthesis Messages ;
+-------------------------------+
Info: *******************************************************************
Info: Running Quartus II 64-Bit Analysis & Synthesis
    Info: Version 13.0.1 Build 232 06/12/2013 Service Pack 1 SJ Web Edition
    Info: Processing started: Fri Apr 15 14:40:27 2016
Info: Command: quartus_map --read_settings_files=on --write_settings_files=off processor -c processor
Warning (20028): Parallel compilation is not licensed and has been disabled
Info (12021): Found 1 design units, including 1 entities, in source file upcount.v
    Info (12023): Found entity 1: upCount
Info (12021): Found 1 design units, including 1 entities, in source file ula.v
    Info (12023): Found entity 1: ula
Info (12021): Found 1 design units, including 1 entities, in source file toplevel.v
    Info (12023): Found entity 1: topLevel
Info (12021): Found 1 design units, including 1 entities, in source file reg16bits.v
    Info (12023): Found entity 1: reg16bits
Info (12021): Found 1 design units, including 1 entities, in source file reg9bits.v
    Info (12023): Found entity 1: reg9bits
Info (12021): Found 1 design units, including 1 entities, in source file processor.v
    Info (12023): Found entity 1: processor
Info (12021): Found 1 design units, including 1 entities, in source file mux10x1.v
    Info (12023): Found entity 1: mux10x1
Info (12021): Found 1 design units, including 1 entities, in source file display.v
    Info (12023): Found entity 1: display
Info (12021): Found 1 design units, including 1 entities, in source file dec3x8.v
    Info (12023): Found entity 1: dec3x8
Info (12021): Found 1 design units, including 1 entities, in source file counter.v
    Info (12023): Found entity 1: counter
Info (12021): Found 1 design units, including 1 entities, in source file board.v
    Info (12023): Found entity 1: board
Info (12021): Found 1 design units, including 1 entities, in source file memoryrom.v
    Info (12023): Found entity 1: memoryROM
Info (12127): Elaborating entity "board" for the top level hierarchy
Warning (10034): Output port "LEDR[16..6]" at board.v(5) has no driver
Warning (10034): Output port "LEDR[3]" at board.v(5) has no driver
Warning (10034): Output port "LEDG[7..1]" at board.v(6) has no driver
Info (12128): Elaborating entity "display" for hierarchy "display:d0"
Info (12128): Elaborating entity "topLevel" for hierarchy "topLevel:placa"
Info (12128): Elaborating entity "counter" for hierarchy "topLevel:placa|counter:contador"
Info (12128): Elaborating entity "memoryROM" for hierarchy "topLevel:placa|memoryROM:rom0"
Info (12128): Elaborating entity "altsyncram" for hierarchy "topLevel:placa|memoryROM:rom0|altsyncram:altsyncram_component"
Info (12130): Elaborated megafunction instantiation "topLevel:placa|memoryROM:rom0|altsyncram:altsyncram_component"
Info (12133): Instantiated megafunction "topLevel:placa|memoryROM:rom0|altsyncram:altsyncram_component" with the following parameter:
    Info (12134): Parameter "clock_enable_input_a" = "BYPASS"
    Info (12134): Parameter "clock_enable_output_a" = "BYPASS"
    Info (12134): Parameter "init_file" = "romMIF.mif"
    Info (12134): Parameter "intended_device_family" = "Cyclone II"
    Info (12134): Parameter "lpm_hint" = "ENABLE_RUNTIME_MOD=NO"
    Info (12134): Parameter "lpm_type" = "altsyncram"
    Info (12134): Parameter "numwords_a" = "32"
    Info (12134): Parameter "operation_mode" = "ROM"
    Info (12134): Parameter "outdata_aclr_a" = "NONE"
    Info (12134): Parameter "outdata_reg_a" = "UNREGISTERED"
    Info (12134): Parameter "ram_block_type" = "M4K"
    Info (12134): Parameter "widthad_a" = "5"
    Info (12134): Parameter "width_a" = "16"
    Info (12134): Parameter "width_byteena_a" = "1"
Info (12021): Found 1 design units, including 1 entities, in source file db/altsyncram_1m91.tdf
    Info (12023): Found entity 1: altsyncram_1m91
Info (12128): Elaborating entity "altsyncram_1m91" for hierarchy "topLevel:placa|memoryROM:rom0|altsyncram:altsyncram_component|altsyncram_1m91:auto_generated"
Info (12128): Elaborating entity "processor" for hierarchy "topLevel:placa|processor:proc"
Warning (10235): Verilog HDL Always Construct warning at processor.v(45): variable "run" is read inside the Always Construct but isn't in the Always Construct's Event Control
Warning (10270): Verilog HDL Case Statement warning at processor.v(98): incomplete case statement has no default case item
Warning (10270): Verilog HDL Case Statement warning at processor.v(140): incomplete case statement has no default case item
Info (12128): Elaborating entity "upCount" for hierarchy "topLevel:placa|processor:proc|upCount:contador"
Info (12128): Elaborating entity "dec3x8" for hierarchy "topLevel:placa|processor:proc|dec3x8:dec0"
Info (12128): Elaborating entity "reg16bits" for hierarchy "topLevel:placa|processor:proc|reg16bits:reg0"
Info (12128): Elaborating entity "reg9bits" for hierarchy "topLevel:placa|processor:proc|reg9bits:regIR"
Info (12128): Elaborating entity "ula" for hierarchy "topLevel:placa|processor:proc|ula:ula0"
Warning (10036): Verilog HDL or VHDL warning at ula.v(5): object "overflow" assigned a value but never read
Warning (10270): Verilog HDL Case Statement warning at ula.v(9): incomplete case statement has no default case item
Warning (10240): Verilog HDL Always Construct warning at ula.v(7): inferring latch(es) for variable "out", which holds its previous value in one or more paths through the always construct
Info (10041): Inferred latch for "out[0]" at ula.v(7)
Info (10041): Inferred latch for "out[1]" at ula.v(7)
Info (10041): Inferred latch for "out[2]" at ula.v(7)
Info (10041): Inferred latch for "out[3]" at ula.v(7)
Info (10041): Inferred latch for "out[4]" at ula.v(7)
Info (10041): Inferred latch for "out[5]" at ula.v(7)
Info (10041): Inferred latch for "out[6]" at ula.v(7)
Info (10041): Inferred latch for "out[7]" at ula.v(7)
Info (10041): Inferred latch for "out[8]" at ula.v(7)
Info (10041): Inferred latch for "out[9]" at ula.v(7)
Info (10041): Inferred latch for "out[10]" at ula.v(7)
Info (10041): Inferred latch for "out[11]" at ula.v(7)
Info (10041): Inferred latch for "out[12]" at ula.v(7)
Info (10041): Inferred latch for "out[13]" at ula.v(7)
Info (10041): Inferred latch for "out[14]" at ula.v(7)
Info (10041): Inferred latch for "out[15]" at ula.v(7)
Info (12128): Elaborating entity "mux10x1" for hierarchy "topLevel:placa|processor:proc|mux10x1:mux"
Warning (10270): Verilog HDL Case Statement warning at mux10x1.v(8): incomplete case statement has no default case item
Info (10264): Verilog HDL Case Statement information at mux10x1.v(8): all case item expressions in this case statement are onehot
Warning (10240): Verilog HDL Always Construct warning at mux10x1.v(6): inferring latch(es) for variable "out", which holds its previous value in one or more paths through the always construct
Info (10041): Inferred latch for "out[0]" at mux10x1.v(6)
Info (10041): Inferred latch for "out[1]" at mux10x1.v(6)
Info (10041): Inferred latch for "out[2]" at mux10x1.v(6)
Info (10041): Inferred latch for "out[3]" at mux10x1.v(6)
Info (10041): Inferred latch for "out[4]" at mux10x1.v(6)
Info (10041): Inferred latch for "out[5]" at mux10x1.v(6)
Info (10041): Inferred latch for "out[6]" at mux10x1.v(6)
Info (10041): Inferred latch for "out[7]" at mux10x1.v(6)
Info (10041): Inferred latch for "out[8]" at mux10x1.v(6)
Info (10041): Inferred latch for "out[9]" at mux10x1.v(6)
Info (10041): Inferred latch for "out[10]" at mux10x1.v(6)
Info (10041): Inferred latch for "out[11]" at mux10x1.v(6)
Info (10041): Inferred latch for "out[12]" at mux10x1.v(6)
Info (10041): Inferred latch for "out[13]" at mux10x1.v(6)
Info (10041): Inferred latch for "out[14]" at mux10x1.v(6)
Info (10041): Inferred latch for "out[15]" at mux10x1.v(6)
Warning (12241): 2 hierarchies have connectivity warnings - see the Connectivity Checks report folder
Warning (13012): Latch topLevel:placa|processor:proc|mux10x1:mux|out[12] has unsafe behavior
    Warning (13013): Ports D and ENA on the latch are fed by the same signal topLevel:placa|processor:proc|reg9bits:regIR|out[6]
Warning (13012): Latch topLevel:placa|processor:proc|mux10x1:mux|out[13] has unsafe behavior
    Warning (13013): Ports D and ENA on the latch are fed by the same signal topLevel:placa|processor:proc|reg9bits:regIR|out[6]
Warning (13012): Latch topLevel:placa|processor:proc|mux10x1:mux|out[14] has unsafe behavior
    Warning (13013): Ports D and ENA on the latch are fed by the same signal topLevel:placa|processor:proc|reg9bits:regIR|out[6]
Warning (13012): Latch topLevel:placa|processor:proc|mux10x1:mux|out[15] has unsafe behavior
    Warning (13013): Ports D and ENA on the latch are fed by the same signal topLevel:placa|processor:proc|reg9bits:regIR|out[6]
Warning (13012): Latch topLevel:placa|processor:proc|mux10x1:mux|out[8] has unsafe behavior
    Warning (13013): Ports D and ENA on the latch are fed by the same signal topLevel:placa|processor:proc|reg9bits:regIR|out[6]
Warning (13012): Latch topLevel:placa|processor:proc|mux10x1:mux|out[9] has unsafe behavior
    Warning (13013): Ports D and ENA on the latch are fed by the same signal topLevel:placa|processor:proc|reg9bits:regIR|out[6]
Warning (13012): Latch topLevel:placa|processor:proc|mux10x1:mux|out[10] has unsafe behavior
    Warning (13013): Ports D and ENA on the latch are fed by the same signal topLevel:placa|processor:proc|reg9bits:regIR|out[6]
Warning (13012): Latch topLevel:placa|processor:proc|mux10x1:mux|out[11] has unsafe behavior
    Warning (13013): Ports D and ENA on the latch are fed by the same signal topLevel:placa|processor:proc|reg9bits:regIR|out[6]
Warning (13012): Latch topLevel:placa|processor:proc|mux10x1:mux|out[4] has unsafe behavior
    Warning (13013): Ports D and ENA on the latch are fed by the same signal topLevel:placa|processor:proc|reg9bits:regIR|out[6]
Warning (13012): Latch topLevel:placa|processor:proc|mux10x1:mux|out[5] has unsafe behavior
    Warning (13013): Ports D and ENA on the latch are fed by the same signal topLevel:placa|processor:proc|reg9bits:regIR|out[6]
Warning (13012): Latch topLevel:placa|processor:proc|mux10x1:mux|out[6] has unsafe behavior
    Warning (13013): Ports D and ENA on the latch are fed by the same signal topLevel:placa|processor:proc|reg9bits:regIR|out[6]
Warning (13012): Latch topLevel:placa|processor:proc|mux10x1:mux|out[7] has unsafe behavior
    Warning (13013): Ports D and ENA on the latch are fed by the same signal topLevel:placa|processor:proc|reg9bits:regIR|out[6]
Warning (13012): Latch topLevel:placa|processor:proc|mux10x1:mux|out[0] has unsafe behavior
    Warning (13013): Ports D and ENA on the latch are fed by the same signal topLevel:placa|processor:proc|reg9bits:regIR|out[6]
Warning (13012): Latch topLevel:placa|processor:proc|mux10x1:mux|out[1] has unsafe behavior
    Warning (13013): Ports D and ENA on the latch are fed by the same signal topLevel:placa|processor:proc|reg9bits:regIR|out[6]
Warning (13012): Latch topLevel:placa|processor:proc|mux10x1:mux|out[2] has unsafe behavior
    Warning (13013): Ports D and ENA on the latch are fed by the same signal topLevel:placa|processor:proc|reg9bits:regIR|out[6]
Warning (13012): Latch topLevel:placa|processor:proc|mux10x1:mux|out[3] has unsafe behavior
    Warning (13013): Ports D and ENA on the latch are fed by the same signal topLevel:placa|processor:proc|reg9bits:regIR|out[6]
Warning (13012): Latch topLevel:placa|processor:proc|ula:ula0|out[12] has unsafe behavior
    Warning (13013): Ports D and ENA on the latch are fed by the same signal topLevel:placa|processor:proc|upCount:contador|out[0]
Warning (13012): Latch topLevel:placa|processor:proc|ula:ula0|out[13] has unsafe behavior
    Warning (13013): Ports D and ENA on the latch are fed by the same signal topLevel:placa|processor:proc|upCount:contador|out[0]
Warning (13012): Latch topLevel:placa|processor:proc|ula:ula0|out[14] has unsafe behavior
    Warning (13013): Ports D and ENA on the latch are fed by the same signal topLevel:placa|processor:proc|upCount:contador|out[0]
Warning (13012): Latch topLevel:placa|processor:proc|ula:ula0|out[15] has unsafe behavior
    Warning (13013): Ports D and ENA on the latch are fed by the same signal topLevel:placa|processor:proc|upCount:contador|out[0]
Warning (13012): Latch topLevel:placa|processor:proc|ula:ula0|out[8] has unsafe behavior
    Warning (13013): Ports D and ENA on the latch are fed by the same signal topLevel:placa|processor:proc|upCount:contador|out[0]
Warning (13012): Latch topLevel:placa|processor:proc|ula:ula0|out[9] has unsafe behavior
    Warning (13013): Ports D and ENA on the latch are fed by the same signal topLevel:placa|processor:proc|upCount:contador|out[0]
Warning (13012): Latch topLevel:placa|processor:proc|ula:ula0|out[10] has unsafe behavior
    Warning (13013): Ports D and ENA on the latch are fed by the same signal topLevel:placa|processor:proc|upCount:contador|out[0]
Warning (13012): Latch topLevel:placa|processor:proc|ula:ula0|out[11] has unsafe behavior
    Warning (13013): Ports D and ENA on the latch are fed by the same signal topLevel:placa|processor:proc|upCount:contador|out[0]
Warning (13012): Latch topLevel:placa|processor:proc|ula:ula0|out[4] has unsafe behavior
    Warning (13013): Ports D and ENA on the latch are fed by the same signal topLevel:placa|processor:proc|upCount:contador|out[0]
Warning (13012): Latch topLevel:placa|processor:proc|ula:ula0|out[5] has unsafe behavior
    Warning (13013): Ports D and ENA on the latch are fed by the same signal topLevel:placa|processor:proc|upCount:contador|out[0]
Warning (13012): Latch topLevel:placa|processor:proc|ula:ula0|out[6] has unsafe behavior
    Warning (13013): Ports D and ENA on the latch are fed by the same signal topLevel:placa|processor:proc|upCount:contador|out[0]
Warning (13012): Latch topLevel:placa|processor:proc|ula:ula0|out[7] has unsafe behavior
    Warning (13013): Ports D and ENA on the latch are fed by the same signal topLevel:placa|processor:proc|upCount:contador|out[0]
Warning (13012): Latch topLevel:placa|processor:proc|ula:ula0|out[0] has unsafe behavior
    Warning (13013): Ports D and ENA on the latch are fed by the same signal topLevel:placa|processor:proc|upCount:contador|out[0]
Warning (13012): Latch topLevel:placa|processor:proc|ula:ula0|out[1] has unsafe behavior
    Warning (13013): Ports D and ENA on the latch are fed by the same signal topLevel:placa|processor:proc|upCount:contador|out[0]
Warning (13012): Latch topLevel:placa|processor:proc|ula:ula0|out[2] has unsafe behavior
    Warning (13013): Ports D and ENA on the latch are fed by the same signal topLevel:placa|processor:proc|upCount:contador|out[0]
Warning (13012): Latch topLevel:placa|processor:proc|ula:ula0|out[3] has unsafe behavior
    Warning (13013): Ports D and ENA on the latch are fed by the same signal topLevel:placa|processor:proc|upCount:contador|out[0]
Warning (13024): Output pins are stuck at VCC or GND
    Warning (13410): Pin "LEDR[3]" is stuck at GND
    Warning (13410): Pin "LEDR[6]" is stuck at GND
    Warning (13410): Pin "LEDR[7]" is stuck at GND
    Warning (13410): Pin "LEDR[8]" is stuck at GND
    Warning (13410): Pin "LEDR[9]" is stuck at GND
    Warning (13410): Pin "LEDR[10]" is stuck at GND
    Warning (13410): Pin "LEDR[11]" is stuck at GND
    Warning (13410): Pin "LEDR[12]" is stuck at GND
    Warning (13410): Pin "LEDR[13]" is stuck at GND
    Warning (13410): Pin "LEDR[14]" is stuck at GND
    Warning (13410): Pin "LEDR[15]" is stuck at GND
    Warning (13410): Pin "LEDR[16]" is stuck at GND
    Warning (13410): Pin "LEDG[1]" is stuck at GND
    Warning (13410): Pin "LEDG[2]" is stuck at GND
    Warning (13410): Pin "LEDG[3]" is stuck at GND
    Warning (13410): Pin "LEDG[4]" is stuck at GND
    Warning (13410): Pin "LEDG[5]" is stuck at GND
    Warning (13410): Pin "LEDG[6]" is stuck at GND
    Warning (13410): Pin "LEDG[7]" is stuck at GND
Info (16010): Generating hard_block partition "hard_block:auto_generated_inst"
    Info (16011): Adding 0 node(s), including 0 DDIO, 0 PLL, 0 transceiver and 0 LCELL
Warning (21074): Design contains 18 input pin(s) that do not drive logic
    Warning (15610): No output dependent on input pin "SW[0]"
    Warning (15610): No output dependent on input pin "SW[1]"
    Warning (15610): No output dependent on input pin "SW[2]"
    Warning (15610): No output dependent on input pin "SW[3]"
    Warning (15610): No output dependent on input pin "SW[4]"
    Warning (15610): No output dependent on input pin "SW[5]"
    Warning (15610): No output dependent on input pin "SW[6]"
    Warning (15610): No output dependent on input pin "SW[7]"
    Warning (15610): No output dependent on input pin "SW[8]"
    Warning (15610): No output dependent on input pin "SW[9]"
    Warning (15610): No output dependent on input pin "SW[10]"
    Warning (15610): No output dependent on input pin "SW[11]"
    Warning (15610): No output dependent on input pin "SW[12]"
    Warning (15610): No output dependent on input pin "SW[13]"
    Warning (15610): No output dependent on input pin "SW[14]"
    Warning (15610): No output dependent on input pin "SW[15]"
    Warning (15610): No output dependent on input pin "SW[16]"
    Warning (15610): No output dependent on input pin "KEY[3]"
Info (21057): Implemented 755 device resources after synthesis - the final resource count might be different
    Info (21058): Implemented 22 input pins
    Info (21059): Implemented 68 output pins
    Info (21061): Implemented 649 logic cells
    Info (21064): Implemented 16 RAM segments
Info: Quartus II 64-Bit Analysis & Synthesis was successful. 0 errors, 116 warnings
    Info: Peak virtual memory: 507 megabytes
    Info: Processing ended: Fri Apr 15 14:40:30 2016
    Info: Elapsed time: 00:00:03
    Info: Total CPU time (on all processors): 00:00:03


